********************************************************************************
DUPLICATOR-LITE PACKAGE-LOG: September 17, 2022 3:31 pm
NOTICE: Do NOT post to public sites or forums 
********************************************************************************
VERSION:	1.5.0
WORDPRESS:	6.0.2
PHP INFO:	8.1.6 | SAPI: apache2handler
SERVER:		Apache/2.4.53 (Win64) OpenSSL/1.1.1n PHP/8.1.6 
PHP TIME LIMIT: (0) no time limit imposed 
PHP MAX MEMORY: 4294967296 (256M default) 
MEMORY STACK: 44MB

********************************************************************************
DATABASE:
********************************************************************************
BUILD MODE:   MYSQLDUMP
MYSQLTIMEOUT: 5000
MYSQLDUMP:    Is Supported
SQL CREATED: 20220917_myfirstwordpresswebsite_81a78da832da833b9603_20220917153113_database.sql
SQL FILE SIZE: 2.07MB (2172302)
SQL FILE TIME: 2022-09-17 15:31:49
SQL RUNTIME: 7.29 sec.

********************************************************************************
ARCHIVE (ZIP):
********************************************************************************
ARCHIVE DIR:  C:/xampp/htdocs/wordpress
ARCHIVE FILE: 20220917_myfirstwordpresswebsite_81a78da832da833b9603_20220917153113_archive.zip
FILTERS: *OFF*
DIRS:
	not set
FILES:
	not set
EXTS:  not set
----------------------------------------
COMPRESSING
SIZE:	151.38MB
STATS:	Dirs 1,117 | Files 10,500
SQL ADDED: 20220917_myfirstwordpresswebsite_81a78da832da833b9603_20220917153113_database.sql
ZipArchive Object
(
    [lastId] => 11616
    [status] => 0
    [statusSys] => 0
    [numFiles] => 11617
    [filename] => C:\xampp\htdocs\wordpress\wp-content\backups-dup-lite\tmp\20220917_myfirstwordpresswebsite_81a78da832da833b9603_20220917153113_archive.zip
    [comment] => 
)

FILE ADDED TO ZIP: 11616
COMPRESSION RESULT: '1'
COMPRESSED SIZE: 77.43MB
ARCHIVE RUNTIME: 91.13 sec.
MEMORY STACK: 46MB
building installer
ARCHIVE CONSISTENCY TEST: PASS

********************************************************************************
INTEGRITY CHECKS:
********************************************************************************
SQL FILE: 2.07MB
INSTALLER FILE: 73.37KB
ARCHIVE FILE: 79.54MB 
EXPECTED FILE/DIRECTORY COUNT: 11,617
ACTUAL FILE/DIRECTORY COUNT: 11,616
ARCHIVE CONSISTENCY TEST: Pass

********************************************************************************
RECORD ID:[1]
TOTAL PROCESS RUNTIME: 103.16 sec.
PEAK PHP MEMORY USED: 48MB
DONE PROCESSING => 20220917_myfirstwordpresswebsite September 17, 2022 3:33 pm

